


ARM Macro Assembler    Page 1 


    1 00000000         ;/******************************************************
                       ********************//**
    2 00000000         ; * @file     startup_LPC824.s
    3 00000000         ; * @brief    CMSIS Core Device Startup File for
    4 00000000         ; *           NXP LPC824 Device Series
    5 00000000         ; * @version  1.2.0
    6 00000000         ; * @date     12. March 2018
    7 00000000         ; *
    8 00000000         ; * @note
    9 00000000         ; * Copyright (C) 2018 ARM Limited. All rights reserved.
                       
   10 00000000         ; *
   11 00000000         ; * @par
   12 00000000         ; * ARM Limited (ARM) is supplying this software for use
                        with Cortex-M
   13 00000000         ; * processor based microcontrollers.  This file can be 
                       freely distributed
   14 00000000         ; * within development tools that are supporting such AR
                       M based processors.
   15 00000000         ; *
   16 00000000         ; * @par
   17 00000000         ; * THIS SOFTWARE IS PROVIDED "AS IS".  NO WARRANTIES, W
                       HETHER EXPRESS, IMPLIED
   18 00000000         ; * OR STATUTORY, INCLUDING, BUT NOT LIMITED TO, IMPLIED
                        WARRANTIES OF
   19 00000000         ; * MERCHANTABILITY AND FITNESS FOR A PARTICULAR PURPOSE
                        APPLY TO THIS SOFTWARE.
   20 00000000         ; * ARM SHALL NOT, IN ANY CIRCUMSTANCES, BE LIABLE FOR S
                       PECIAL, INCIDENTAL, OR
   21 00000000         ; * CONSEQUENTIAL DAMAGES, FOR ANY REASON WHATSOEVER.
   22 00000000         ; *
   23 00000000         ; ******************************************************
                       ************************/
   24 00000000         
   25 00000000         ; *------- <<< Use Configuration Wizard in Context Menu 
                       >>> ------------------
   26 00000000         
   27 00000000         ; <h> Stack Configuration
   28 00000000         ;   <o> Stack Size (in Bytes) <0x0-0xFFFFFFFF:8>
   29 00000000         ; </h>
   30 00000000         
   31 00000000 00000200 
                       Stack_Size
                               EQU              0x00000200
   32 00000000         
   33 00000000                 AREA             STACK, NOINIT, READWRITE, ALIGN
=3
   34 00000000         Stack_Mem
                               SPACE            Stack_Size
   35 00000200         __initial_sp
   36 00000200         
   37 00000200         
   38 00000200         ; <h> Heap Configuration
   39 00000200         ;   <o>  Heap Size (in Bytes) <0x0-0xFFFFFFFF:8>
   40 00000200         ; </h>
   41 00000200         
   42 00000200 00000100 
                       Heap_Size
                               EQU              0x00000100



ARM Macro Assembler    Page 2 


   43 00000200         
   44 00000200                 IF               Heap_Size != 0 
                                                            ; Heap is provided
   45 00000200                 AREA             HEAP, NOINIT, READWRITE, ALIGN=
3
   46 00000000         __heap_base
   47 00000000         Heap_Mem
                               SPACE            Heap_Size
   48 00000100         __heap_limit
   49 00000100                 ELSE
   51                          ENDIF
   52 00000100         
   53 00000100         
   54 00000100                 PRESERVE8
   55 00000100                 THUMB
   56 00000100         
   57 00000100         
   58 00000100         ; Vector Table Mapped to Address 0 at Reset
   59 00000100         
   60 00000100                 AREA             RESET, DATA, READONLY
   61 00000000                 EXPORT           __Vectors
   62 00000000         
   63 00000000 00000000 
                       __Vectors
                               DCD              __initial_sp ; Top of Stack
   64 00000004 00000000        DCD              Reset_Handler ; Reset Handler
   65 00000008 00000000        DCD              NMI_Handler ; NMI Handler
   66 0000000C 00000000        DCD              HardFault_Handler ; Hard Fault 
                                                            Handler
   67 00000010 00000000        DCD              0           ; Reserved
   68 00000014 00000000        DCD              0           ; Reserved
   69 00000018 00000000        DCD              0           ; Reserved
   70 0000001C 00000000        DCD              0           ; Reserved
   71 00000020 00000000        DCD              0           ; Reserved
   72 00000024 00000000        DCD              0           ; Reserved
   73 00000028 00000000        DCD              0           ; Reserved
   74 0000002C 00000000        DCD              SVC_Handler ; SVCall Handler
   75 00000030 00000000        DCD              0           ; Reserved
   76 00000034 00000000        DCD              0           ; Reserved
   77 00000038 00000000        DCD              PendSV_Handler ; PendSV Handler
                                                            
   78 0000003C 00000000        DCD              SysTick_Handler 
                                                            ; SysTick Handler
   79 00000040         
   80 00000040         ; External Interrupts
   81 00000040 00000000        DCD              SPI0_IRQHandler 
                                                            ; SPI0 interrupt
   82 00000044 00000000        DCD              SPI1_IRQHandler 
                                                            ; SPI1 interrupt
   83 00000048 00000000        DCD              0           ; Reserved interrup
                                                            t
   84 0000004C 00000000        DCD              USART0_IRQHandler 
                                                            ; USART0 interrupt
   85 00000050 00000000        DCD              USART1_IRQHandler 
                                                            ; USART1 interrupt
   86 00000054 00000000        DCD              USART2_IRQHandler 
                                                            ; USART2 interrupt
   87 00000058 00000000        DCD              0           ; Reserved interrup
                                                            t



ARM Macro Assembler    Page 3 


   88 0000005C 00000000        DCD              I2C1_IRQHandler 
                                                            ; I2C1 interrupt
   89 00000060 00000000        DCD              I2C0_IRQHandler 
                                                            ; I2C0 interrupt
   90 00000064 00000000        DCD              SCT_IRQHandler ; State configur
                                                            able timer interrup
                                                            t
   91 00000068 00000000        DCD              MRT0_IRQHandler ; Multi-rate ti
                                                            mer interrupt
   92 0000006C 00000000        DCD              CMP_CAPT_IRQHandler ; Analog co
                                                            mparator interrupt 
                                                            or Capacitive Touch
                                                             interrupt
   93 00000070 00000000        DCD              WDT_IRQHandler ; Windowed watch
                                                            dog timer interrupt
                                                            
   94 00000074 00000000        DCD              BOD_IRQHandler ; BOD interrupts
                                                            
   95 00000078 00000000        DCD              FLASH_IRQHandler 
                                                            ; flash interrupt
   96 0000007C 00000000        DCD              WKT_IRQHandler ; Self-wake-up t
                                                            imer interrupt
   97 00000080 00000000        DCD              ADC0_SEQA_IRQHandler ; ADC0 seq
                                                            uence A completion.
                                                            
   98 00000084 00000000        DCD              ADC0_SEQB_IRQHandler ; ADC0 seq
                                                            uence B completion.
                                                            
   99 00000088 00000000        DCD              ADC0_THCMP_IRQHandler ; ADC0 th
                                                            reshold compare and
                                                             error.
  100 0000008C 00000000        DCD              ADC0_OVR_IRQHandler 
                                                            ; ADC0 overrun
  101 00000090 00000000        DCD              DMA0_IRQHandler 
                                                            ; DMA0 interrupt
  102 00000094 00000000        DCD              I2C2_IRQHandler 
                                                            ; I2C2 interrupt
  103 00000098 00000000        DCD              I2C3_IRQHandler 
                                                            ; I2C3 interrupt
  104 0000009C 00000000        DCD              0           ; Reserved interrup
                                                            t
  105 000000A0 00000000        DCD              PIN_INT0_IRQHandler ; Pin inter
                                                            rupt 0 or pattern m
                                                            atch engine slice 0
                                                             interrupt
  106 000000A4 00000000        DCD              PIN_INT1_IRQHandler ; Pin inter
                                                            rupt 1 or pattern m
                                                            atch engine slice 1
                                                             interrupt
  107 000000A8 00000000        DCD              PIN_INT2_IRQHandler ; Pin inter
                                                            rupt 2 or pattern m
                                                            atch engine slice 2
                                                             interrupt
  108 000000AC 00000000        DCD              PIN_INT3_IRQHandler ; Pin inter
                                                            rupt 3 or pattern m
                                                            atch engine slice 3
                                                             interrupt
  109 000000B0 00000000        DCD              PIN_INT4_IRQHandler ; Pin inter
                                                            rupt 4 or pattern m



ARM Macro Assembler    Page 4 


                                                            atch engine slice 4
                                                             interrupt
  110 000000B4 00000000        DCD              PIN_INT5_IRQHandler ; Pin inter
                                                            rupt 5 or pattern m
                                                            atch engine slice 5
                                                             interrupt
  111 000000B8 00000000        DCD              PIN_INT6_IRQHandler ; Pin inter
                                                            rupt 6 or pattern m
                                                            atch engine slice 6
                                                             interrupt
  112 000000BC 00000000        DCD              PIN_INT7_IRQHandler ; Pin inter
                                                            rupt 7 or pattern m
                                                            atch engine slice 7
                                                             interrupt
  113 000000C0         
  114 000000C0         ; <h> Code Read Protection
  115 000000C0         ;   <o> Code Read Protection  <0xFFFFFFFF=>CRP Disabled
  116 000000C0         ;                             <0x12345678=>CRP Level 1
  117 000000C0         ;                             <0x87654321=>CRP Level 2
  118 000000C0         ;                             <0x43218765=>CRP Level 3 (
                       ARE YOU SURE?)
  119 000000C0         ;                             <0x4E697370=>NO ISP (ARE Y
                       OU SURE?)
  120 000000C0         ; </h>
  121 000000C0                 IF               :LNOT::DEF:NO_CRP
  122 000000C0                 AREA             |.ARM.__at_0x02FC|, CODE, READO
NLY
  123 00000000 FFFFFFFF        DCD              0xFFFFFFFF
  124 00000004                 ENDIF
  125 00000004         
  126 00000004                 AREA             |.text|, CODE, READONLY
  127 00000000         
  128 00000000         
  129 00000000         ; Reset Handler
  130 00000000         
  131 00000000         Reset_Handler
                               PROC
  132 00000000                 EXPORT           Reset_Handler              [WEA
K]
  133 00000000                 IMPORT           SystemInit
  134 00000000                 IMPORT           __main
  135 00000000 4804            LDR              R0, =SystemInit
  136 00000002 4780            BLX              R0
  137 00000004 4804            LDR              R0, =__main
  138 00000006 4700            BX               R0
  139 00000008                 ENDP
  140 00000008         
  141 00000008         
  142 00000008         ; Dummy Exception Handlers (infinite loops which can be 
                       modified)
  143 00000008         NMI_Handler
                               PROC
  144 00000008                 EXPORT           NMI_Handler                [WEA
K]
  145 00000008 E7FE            B                .
  146 0000000A                 ENDP
  148 0000000A         HardFault_Handler
                               PROC
  149 0000000A                 EXPORT           HardFault_Handler          [WEA



ARM Macro Assembler    Page 5 


K]
  150 0000000A E7FE            B                .
  151 0000000C                 ENDP
  152 0000000C         SVC_Handler
                               PROC
  153 0000000C                 EXPORT           SVC_Handler                [WEA
K]
  154 0000000C E7FE            B                .
  155 0000000E                 ENDP
  156 0000000E         PendSV_Handler
                               PROC
  157 0000000E                 EXPORT           PendSV_Handler             [WEA
K]
  158 0000000E E7FE            B                .
  159 00000010                 ENDP
  160 00000010         SysTick_Handler
                               PROC
  161 00000010                 EXPORT           SysTick_Handler            [WEA
K]
  162 00000010 E7FE            B                .
  163 00000012                 ENDP
  164 00000012         
  165 00000012         Default_Handler
                               PROC
  166 00000012         
  167 00000012                 EXPORT           SPI0_IRQHandler            [WEA
K]
  168 00000012                 EXPORT           SPI1_IRQHandler            [WEA
K]
  169 00000012                 EXPORT           USART0_IRQHandler          [WEA
K]
  170 00000012                 EXPORT           USART1_IRQHandler          [WEA
K]
  171 00000012                 EXPORT           USART2_IRQHandler          [WEA
K]
  172 00000012                 EXPORT           I2C1_IRQHandler            [WEA
K]
  173 00000012                 EXPORT           I2C0_IRQHandler            [WEA
K]
  174 00000012                 EXPORT           SCT_IRQHandler             [WEA
K]
  175 00000012                 EXPORT           MRT0_IRQHandler            [WEA
K]
  176 00000012                 EXPORT           CMP_CAPT_IRQHandler        [WEA
K]
  177 00000012                 EXPORT           WDT_IRQHandler             [WEA
K]
  178 00000012                 EXPORT           BOD_IRQHandler             [WEA
K]
  179 00000012                 EXPORT           FLASH_IRQHandler           [WEA
K]
  180 00000012                 EXPORT           WKT_IRQHandler             [WEA
K]
  181 00000012                 EXPORT           ADC0_SEQA_IRQHandler       [WEA
K]
  182 00000012                 EXPORT           ADC0_SEQB_IRQHandler       [WEA
K]
  183 00000012                 EXPORT           ADC0_THCMP_IRQHandler      [WEA
K]



ARM Macro Assembler    Page 6 


  184 00000012                 EXPORT           ADC0_OVR_IRQHandler        [WEA
K]
  185 00000012                 EXPORT           DMA0_IRQHandler            [WEA
K]
  186 00000012                 EXPORT           I2C2_IRQHandler            [WEA
K]
  187 00000012                 EXPORT           I2C3_IRQHandler            [WEA
K]
  188 00000012                 EXPORT           PIN_INT0_IRQHandler        [WEA
K]
  189 00000012                 EXPORT           PIN_INT1_IRQHandler        [WEA
K]
  190 00000012                 EXPORT           PIN_INT2_IRQHandler        [WEA
K]
  191 00000012                 EXPORT           PIN_INT3_IRQHandler        [WEA
K]
  192 00000012                 EXPORT           PIN_INT4_IRQHandler        [WEA
K]
  193 00000012                 EXPORT           PIN_INT5_IRQHandler        [WEA
K]
  194 00000012                 EXPORT           PIN_INT6_IRQHandler        [WEA
K]
  195 00000012                 EXPORT           PIN_INT7_IRQHandler        [WEA
K]
  196 00000012         
  197 00000012         SPI0_IRQHandler
  198 00000012         SPI1_IRQHandler
  199 00000012         USART0_IRQHandler
  200 00000012         USART1_IRQHandler
  201 00000012         USART2_IRQHandler
  202 00000012         I2C1_IRQHandler
  203 00000012         I2C0_IRQHandler
  204 00000012         SCT_IRQHandler
  205 00000012         MRT0_IRQHandler
  206 00000012         CMP_CAPT_IRQHandler
  207 00000012         WDT_IRQHandler
  208 00000012         BOD_IRQHandler
  209 00000012         FLASH_IRQHandler
  210 00000012         WKT_IRQHandler
  211 00000012         ADC0_SEQA_IRQHandler
  212 00000012         ADC0_SEQB_IRQHandler
  213 00000012         ADC0_THCMP_IRQHandler
  214 00000012         ADC0_OVR_IRQHandler
  215 00000012         DMA0_IRQHandler
  216 00000012         I2C2_IRQHandler
  217 00000012         I2C3_IRQHandler
  218 00000012         PIN_INT0_IRQHandler
  219 00000012         PIN_INT1_IRQHandler
  220 00000012         PIN_INT2_IRQHandler
  221 00000012         PIN_INT3_IRQHandler
  222 00000012         PIN_INT4_IRQHandler
  223 00000012         PIN_INT5_IRQHandler
  224 00000012         PIN_INT6_IRQHandler
  225 00000012         PIN_INT7_IRQHandler
  226 00000012         
  227 00000012 E7FE            B                .
  228 00000014         
  229 00000014                 ENDP
  230 00000014         



ARM Macro Assembler    Page 7 


  231 00000014         
  232 00000014                 ALIGN
  233 00000014         
  234 00000014         
  235 00000014         ; User setup Stack & Heap
  236 00000014         
  237 00000014                 IF               :LNOT::DEF:__MICROLIB
  238 00000014                 IMPORT           __use_two_region_memory
  239 00000014                 ENDIF
  240 00000014         
  241 00000014                 EXPORT           __initial_sp
  242 00000014                 IF               Heap_Size != 0 
                                                            ; Heap is provided
  243 00000014                 EXPORT           __heap_base
  244 00000014                 EXPORT           __heap_limit
  245 00000014                 ENDIF
  246 00000014         
  247 00000014                 END
              00000000 
              00000000 
Command Line: --debug --xref --diag_suppress=9931 --cpu=Cortex-M0+ --apcs=inter
work --depend=.\objects\startup_lpc824.d -o.\objects\startup_lpc824.o -IC:\User
s\Peter\Documents\Projects\Workspace-Keil\LPC824\BOKRA485\v1.30\BOKRA485\RTE -I
C:\Keil_v5\ARM\PACK\Keil\LPC800_DFP\1.10.1\Device\Include -IC:\Keil_v5\ARM\CMSI
S\Include --predefine="__UVISION_VERSION SETA 521" --predefine="LPC824M201JHI33
 SETA 1" --list=.\listings\startup_lpc824.lst lpc_chip_82x\startup_LPC824.s



ARM Macro Assembler    Page 1 Alphabetic symbol ordering
Relocatable symbols

STACK 00000000

Symbol: STACK
   Definitions
      At line 33 in file lpc_chip_82x\startup_LPC824.s
   Uses
      None
Comment: STACK unused
Stack_Mem 00000000

Symbol: Stack_Mem
   Definitions
      At line 34 in file lpc_chip_82x\startup_LPC824.s
   Uses
      None
Comment: Stack_Mem unused
__initial_sp 00000200

Symbol: __initial_sp
   Definitions
      At line 35 in file lpc_chip_82x\startup_LPC824.s
   Uses
      At line 63 in file lpc_chip_82x\startup_LPC824.s
      At line 241 in file lpc_chip_82x\startup_LPC824.s

3 symbols



ARM Macro Assembler    Page 1 Alphabetic symbol ordering
Relocatable symbols

HEAP 00000000

Symbol: HEAP
   Definitions
      At line 45 in file lpc_chip_82x\startup_LPC824.s
   Uses
      None
Comment: HEAP unused
Heap_Mem 00000000

Symbol: Heap_Mem
   Definitions
      At line 47 in file lpc_chip_82x\startup_LPC824.s
   Uses
      None
Comment: Heap_Mem unused
__heap_base 00000000

Symbol: __heap_base
   Definitions
      At line 46 in file lpc_chip_82x\startup_LPC824.s
   Uses
      At line 243 in file lpc_chip_82x\startup_LPC824.s
Comment: __heap_base used once
__heap_limit 00000100

Symbol: __heap_limit
   Definitions
      At line 48 in file lpc_chip_82x\startup_LPC824.s
   Uses
      At line 244 in file lpc_chip_82x\startup_LPC824.s
Comment: __heap_limit used once
4 symbols



ARM Macro Assembler    Page 1 Alphabetic symbol ordering
Relocatable symbols

RESET 00000000

Symbol: RESET
   Definitions
      At line 60 in file lpc_chip_82x\startup_LPC824.s
   Uses
      None
Comment: RESET unused
__Vectors 00000000

Symbol: __Vectors
   Definitions
      At line 63 in file lpc_chip_82x\startup_LPC824.s
   Uses
      At line 61 in file lpc_chip_82x\startup_LPC824.s
Comment: __Vectors used once
2 symbols



ARM Macro Assembler    Page 1 Alphabetic symbol ordering
Relocatable symbols

.ARM.__at_0x02FC 00000000

Symbol: .ARM.__at_0x02FC
   Definitions
      At line 122 in file lpc_chip_82x\startup_LPC824.s
   Uses
      None
Comment: .ARM.__at_0x02FC unused
1 symbol



ARM Macro Assembler    Page 1 Alphabetic symbol ordering
Relocatable symbols

.text 00000000

Symbol: .text
   Definitions
      At line 126 in file lpc_chip_82x\startup_LPC824.s
   Uses
      None
Comment: .text unused
ADC0_OVR_IRQHandler 00000012

Symbol: ADC0_OVR_IRQHandler
   Definitions
      At line 214 in file lpc_chip_82x\startup_LPC824.s
   Uses
      At line 100 in file lpc_chip_82x\startup_LPC824.s
      At line 184 in file lpc_chip_82x\startup_LPC824.s

ADC0_SEQA_IRQHandler 00000012

Symbol: ADC0_SEQA_IRQHandler
   Definitions
      At line 211 in file lpc_chip_82x\startup_LPC824.s
   Uses
      At line 97 in file lpc_chip_82x\startup_LPC824.s
      At line 181 in file lpc_chip_82x\startup_LPC824.s

ADC0_SEQB_IRQHandler 00000012

Symbol: ADC0_SEQB_IRQHandler
   Definitions
      At line 212 in file lpc_chip_82x\startup_LPC824.s
   Uses
      At line 98 in file lpc_chip_82x\startup_LPC824.s
      At line 182 in file lpc_chip_82x\startup_LPC824.s

ADC0_THCMP_IRQHandler 00000012

Symbol: ADC0_THCMP_IRQHandler
   Definitions
      At line 213 in file lpc_chip_82x\startup_LPC824.s
   Uses
      At line 99 in file lpc_chip_82x\startup_LPC824.s
      At line 183 in file lpc_chip_82x\startup_LPC824.s

BOD_IRQHandler 00000012

Symbol: BOD_IRQHandler
   Definitions
      At line 208 in file lpc_chip_82x\startup_LPC824.s
   Uses
      At line 94 in file lpc_chip_82x\startup_LPC824.s
      At line 178 in file lpc_chip_82x\startup_LPC824.s

CMP_CAPT_IRQHandler 00000012

Symbol: CMP_CAPT_IRQHandler
   Definitions
      At line 206 in file lpc_chip_82x\startup_LPC824.s
   Uses



ARM Macro Assembler    Page 2 Alphabetic symbol ordering
Relocatable symbols

      At line 92 in file lpc_chip_82x\startup_LPC824.s
      At line 176 in file lpc_chip_82x\startup_LPC824.s

DMA0_IRQHandler 00000012

Symbol: DMA0_IRQHandler
   Definitions
      At line 215 in file lpc_chip_82x\startup_LPC824.s
   Uses
      At line 101 in file lpc_chip_82x\startup_LPC824.s
      At line 185 in file lpc_chip_82x\startup_LPC824.s

Default_Handler 00000012

Symbol: Default_Handler
   Definitions
      At line 165 in file lpc_chip_82x\startup_LPC824.s
   Uses
      None
Comment: Default_Handler unused
FLASH_IRQHandler 00000012

Symbol: FLASH_IRQHandler
   Definitions
      At line 209 in file lpc_chip_82x\startup_LPC824.s
   Uses
      At line 95 in file lpc_chip_82x\startup_LPC824.s
      At line 179 in file lpc_chip_82x\startup_LPC824.s

HardFault_Handler 0000000A

Symbol: HardFault_Handler
   Definitions
      At line 148 in file lpc_chip_82x\startup_LPC824.s
   Uses
      At line 66 in file lpc_chip_82x\startup_LPC824.s
      At line 149 in file lpc_chip_82x\startup_LPC824.s

I2C0_IRQHandler 00000012

Symbol: I2C0_IRQHandler
   Definitions
      At line 203 in file lpc_chip_82x\startup_LPC824.s
   Uses
      At line 89 in file lpc_chip_82x\startup_LPC824.s
      At line 173 in file lpc_chip_82x\startup_LPC824.s

I2C1_IRQHandler 00000012

Symbol: I2C1_IRQHandler
   Definitions
      At line 202 in file lpc_chip_82x\startup_LPC824.s
   Uses
      At line 88 in file lpc_chip_82x\startup_LPC824.s
      At line 172 in file lpc_chip_82x\startup_LPC824.s

I2C2_IRQHandler 00000012

Symbol: I2C2_IRQHandler



ARM Macro Assembler    Page 3 Alphabetic symbol ordering
Relocatable symbols

   Definitions
      At line 216 in file lpc_chip_82x\startup_LPC824.s
   Uses
      At line 102 in file lpc_chip_82x\startup_LPC824.s
      At line 186 in file lpc_chip_82x\startup_LPC824.s

I2C3_IRQHandler 00000012

Symbol: I2C3_IRQHandler
   Definitions
      At line 217 in file lpc_chip_82x\startup_LPC824.s
   Uses
      At line 103 in file lpc_chip_82x\startup_LPC824.s
      At line 187 in file lpc_chip_82x\startup_LPC824.s

MRT0_IRQHandler 00000012

Symbol: MRT0_IRQHandler
   Definitions
      At line 205 in file lpc_chip_82x\startup_LPC824.s
   Uses
      At line 91 in file lpc_chip_82x\startup_LPC824.s
      At line 175 in file lpc_chip_82x\startup_LPC824.s

NMI_Handler 00000008

Symbol: NMI_Handler
   Definitions
      At line 143 in file lpc_chip_82x\startup_LPC824.s
   Uses
      At line 65 in file lpc_chip_82x\startup_LPC824.s
      At line 144 in file lpc_chip_82x\startup_LPC824.s

PIN_INT0_IRQHandler 00000012

Symbol: PIN_INT0_IRQHandler
   Definitions
      At line 218 in file lpc_chip_82x\startup_LPC824.s
   Uses
      At line 105 in file lpc_chip_82x\startup_LPC824.s
      At line 188 in file lpc_chip_82x\startup_LPC824.s

PIN_INT1_IRQHandler 00000012

Symbol: PIN_INT1_IRQHandler
   Definitions
      At line 219 in file lpc_chip_82x\startup_LPC824.s
   Uses
      At line 106 in file lpc_chip_82x\startup_LPC824.s
      At line 189 in file lpc_chip_82x\startup_LPC824.s

PIN_INT2_IRQHandler 00000012

Symbol: PIN_INT2_IRQHandler
   Definitions
      At line 220 in file lpc_chip_82x\startup_LPC824.s
   Uses
      At line 107 in file lpc_chip_82x\startup_LPC824.s
      At line 190 in file lpc_chip_82x\startup_LPC824.s



ARM Macro Assembler    Page 4 Alphabetic symbol ordering
Relocatable symbols


PIN_INT3_IRQHandler 00000012

Symbol: PIN_INT3_IRQHandler
   Definitions
      At line 221 in file lpc_chip_82x\startup_LPC824.s
   Uses
      At line 108 in file lpc_chip_82x\startup_LPC824.s
      At line 191 in file lpc_chip_82x\startup_LPC824.s

PIN_INT4_IRQHandler 00000012

Symbol: PIN_INT4_IRQHandler
   Definitions
      At line 222 in file lpc_chip_82x\startup_LPC824.s
   Uses
      At line 109 in file lpc_chip_82x\startup_LPC824.s
      At line 192 in file lpc_chip_82x\startup_LPC824.s

PIN_INT5_IRQHandler 00000012

Symbol: PIN_INT5_IRQHandler
   Definitions
      At line 223 in file lpc_chip_82x\startup_LPC824.s
   Uses
      At line 110 in file lpc_chip_82x\startup_LPC824.s
      At line 193 in file lpc_chip_82x\startup_LPC824.s

PIN_INT6_IRQHandler 00000012

Symbol: PIN_INT6_IRQHandler
   Definitions
      At line 224 in file lpc_chip_82x\startup_LPC824.s
   Uses
      At line 111 in file lpc_chip_82x\startup_LPC824.s
      At line 194 in file lpc_chip_82x\startup_LPC824.s

PIN_INT7_IRQHandler 00000012

Symbol: PIN_INT7_IRQHandler
   Definitions
      At line 225 in file lpc_chip_82x\startup_LPC824.s
   Uses
      At line 112 in file lpc_chip_82x\startup_LPC824.s
      At line 195 in file lpc_chip_82x\startup_LPC824.s

PendSV_Handler 0000000E

Symbol: PendSV_Handler
   Definitions
      At line 156 in file lpc_chip_82x\startup_LPC824.s
   Uses
      At line 77 in file lpc_chip_82x\startup_LPC824.s
      At line 157 in file lpc_chip_82x\startup_LPC824.s

Reset_Handler 00000000

Symbol: Reset_Handler
   Definitions



ARM Macro Assembler    Page 5 Alphabetic symbol ordering
Relocatable symbols

      At line 131 in file lpc_chip_82x\startup_LPC824.s
   Uses
      At line 64 in file lpc_chip_82x\startup_LPC824.s
      At line 132 in file lpc_chip_82x\startup_LPC824.s

SCT_IRQHandler 00000012

Symbol: SCT_IRQHandler
   Definitions
      At line 204 in file lpc_chip_82x\startup_LPC824.s
   Uses
      At line 90 in file lpc_chip_82x\startup_LPC824.s
      At line 174 in file lpc_chip_82x\startup_LPC824.s

SPI0_IRQHandler 00000012

Symbol: SPI0_IRQHandler
   Definitions
      At line 197 in file lpc_chip_82x\startup_LPC824.s
   Uses
      At line 81 in file lpc_chip_82x\startup_LPC824.s
      At line 167 in file lpc_chip_82x\startup_LPC824.s

SPI1_IRQHandler 00000012

Symbol: SPI1_IRQHandler
   Definitions
      At line 198 in file lpc_chip_82x\startup_LPC824.s
   Uses
      At line 82 in file lpc_chip_82x\startup_LPC824.s
      At line 168 in file lpc_chip_82x\startup_LPC824.s

SVC_Handler 0000000C

Symbol: SVC_Handler
   Definitions
      At line 152 in file lpc_chip_82x\startup_LPC824.s
   Uses
      At line 74 in file lpc_chip_82x\startup_LPC824.s
      At line 153 in file lpc_chip_82x\startup_LPC824.s

SysTick_Handler 00000010

Symbol: SysTick_Handler
   Definitions
      At line 160 in file lpc_chip_82x\startup_LPC824.s
   Uses
      At line 78 in file lpc_chip_82x\startup_LPC824.s
      At line 161 in file lpc_chip_82x\startup_LPC824.s

USART0_IRQHandler 00000012

Symbol: USART0_IRQHandler
   Definitions
      At line 199 in file lpc_chip_82x\startup_LPC824.s
   Uses
      At line 84 in file lpc_chip_82x\startup_LPC824.s
      At line 169 in file lpc_chip_82x\startup_LPC824.s




ARM Macro Assembler    Page 6 Alphabetic symbol ordering
Relocatable symbols

USART1_IRQHandler 00000012

Symbol: USART1_IRQHandler
   Definitions
      At line 200 in file lpc_chip_82x\startup_LPC824.s
   Uses
      At line 85 in file lpc_chip_82x\startup_LPC824.s
      At line 170 in file lpc_chip_82x\startup_LPC824.s

USART2_IRQHandler 00000012

Symbol: USART2_IRQHandler
   Definitions
      At line 201 in file lpc_chip_82x\startup_LPC824.s
   Uses
      At line 86 in file lpc_chip_82x\startup_LPC824.s
      At line 171 in file lpc_chip_82x\startup_LPC824.s

WDT_IRQHandler 00000012

Symbol: WDT_IRQHandler
   Definitions
      At line 207 in file lpc_chip_82x\startup_LPC824.s
   Uses
      At line 93 in file lpc_chip_82x\startup_LPC824.s
      At line 177 in file lpc_chip_82x\startup_LPC824.s

WKT_IRQHandler 00000012

Symbol: WKT_IRQHandler
   Definitions
      At line 210 in file lpc_chip_82x\startup_LPC824.s
   Uses
      At line 96 in file lpc_chip_82x\startup_LPC824.s
      At line 180 in file lpc_chip_82x\startup_LPC824.s

37 symbols



ARM Macro Assembler    Page 1 Alphabetic symbol ordering
Absolute symbols

Heap_Size 00000100

Symbol: Heap_Size
   Definitions
      At line 42 in file lpc_chip_82x\startup_LPC824.s
   Uses
      At line 44 in file lpc_chip_82x\startup_LPC824.s
      At line 47 in file lpc_chip_82x\startup_LPC824.s
      At line 242 in file lpc_chip_82x\startup_LPC824.s

Stack_Size 00000200

Symbol: Stack_Size
   Definitions
      At line 31 in file lpc_chip_82x\startup_LPC824.s
   Uses
      At line 34 in file lpc_chip_82x\startup_LPC824.s
Comment: Stack_Size used once
2 symbols



ARM Macro Assembler    Page 1 Alphabetic symbol ordering
External symbols

SystemInit 00000000

Symbol: SystemInit
   Definitions
      At line 133 in file lpc_chip_82x\startup_LPC824.s
   Uses
      At line 135 in file lpc_chip_82x\startup_LPC824.s
Comment: SystemInit used once
__main 00000000

Symbol: __main
   Definitions
      At line 134 in file lpc_chip_82x\startup_LPC824.s
   Uses
      At line 137 in file lpc_chip_82x\startup_LPC824.s
Comment: __main used once
__use_two_region_memory 00000000

Symbol: __use_two_region_memory
   Definitions
      At line 238 in file lpc_chip_82x\startup_LPC824.s
   Uses
      None
Comment: __use_two_region_memory unused
3 symbols
390 symbols in table
